<?xml version="1.0" encoding="UTF-8"?>
<testsuite name="MusicAccountRetrieverTest" tests="1" skipped="0" failures="0" errors="0" timestamp="2024-08-07T22:20:39" hostname="Brandons-MacBook-Air.local" time="0.102">
  <properties/>
  <testcase name="retrieveAccounts_retrievingResults_correctResults()" classname="MusicAccountRetrieverTest" time="0.102"/>
  <system-out><![CDATA[]]></system-out>
  <system-err><![CDATA[]]></system-err>
</testsuite>
